Using pre-set license
Built from '2020.3/release' branch; Version is '2020.3.1f1 (77a89f25062f) revision 7841951'; Using compiler version '192528614'; Build Type 'Release'
OS: 'Windows 10 Pro; OS build 19042.985; Version 2009; 64bit' Language: 'fr' Physical Memory: 16336 MB
BatchMode: 1, IsHumanControllingUs: 0, StartBugReporterOnCrash: 0, Is64bit: 1, IsPro: 0

 COMMAND LINE ARGUMENTS:
C:\Program Files\Unity\Hub\Editor\2020.3.1f1\Editor\Unity.exe
-adb2
-batchMode
-noUpm
-name
AssetImportWorker0
-projectPath
C:/Repositories/EndofYear_SpeIngeLogicielle_2021/EscapeTheLabyrinth
-logFile
Logs/AssetImportWorker0.log
-srvPort
55085
Successfully changed project path to: C:/Repositories/EndofYear_SpeIngeLogicielle_2021/EscapeTheLabyrinth
C:/Repositories/EndofYear_SpeIngeLogicielle_2021/EscapeTheLabyrinth
Using Asset Import Pipeline V2.
Refreshing native plugins compatible for Editor in 24.30 ms, found 0 plugins.
Preloading 0 native plugins for Editor in 0.00 ms.
Initialize engine version: 2020.3.1f1 (77a89f25062f)
[Subsystems] Discovering subsystems at path C:/Program Files/Unity/Hub/Editor/2020.3.1f1/Editor/Data/Resources/UnitySubsystems
[Subsystems] Discovering subsystems at path C:/Repositories/EndofYear_SpeIngeLogicielle_2021/EscapeTheLabyrinth/Assets
GfxDevice: creating device client; threaded=0
Direct3D:
    Version:  Direct3D 11.0 [level 11.1]
    Renderer: NVIDIA GeForce RTX 2060 (ID=0x1e89)
    Vendor:   
    VRAM:     5968 MB
    Driver:   27.21.14.5751
Initialize mono
Mono path[0] = 'C:/Program Files/Unity/Hub/Editor/2020.3.1f1/Editor/Data/Managed'
Mono path[1] = 'C:/Program Files/Unity/Hub/Editor/2020.3.1f1/Editor/Data/MonoBleedingEdge/lib/mono/unityjit'
Mono config path = 'C:/Program Files/Unity/Hub/Editor/2020.3.1f1/Editor/Data/MonoBleedingEdge/etc'
Using monoOptions --debugger-agent=transport=dt_socket,embedding=1,server=y,suspend=n,address=127.0.0.1:56684
Begin MonoManager ReloadAssembly
Registering precompiled unity dll's ...
Register platform support module: C:/Program Files/Unity/Hub/Editor/2020.3.1f1/Editor/Data/PlaybackEngines/WindowsStandaloneSupport/UnityEditor.WindowsStandalone.Extensions.dll
Registered in 0.001953 seconds.
Native extension for WindowsStandalone target not found
Refreshing native plugins compatible for Editor in 23.72 ms, found 0 plugins.
Preloading 0 native plugins for Editor in 0.00 ms.
Invoked RoslynAnalysisRunner static constructor.
RoslynAnalysisRunner will not be running.
RoslynAnalysisRunner has terminated.
Mono: successfully reloaded assembly
- Completed reload, in  1.098 seconds
Platform modules already initialized, skipping
Registering precompiled user dll's ...
Registered in 0.000729 seconds.
Begin MonoManager ReloadAssembly
Native extension for WindowsStandalone target not found
Refreshing native plugins compatible for Editor in 0.25 ms, found 0 plugins.
Preloading 0 native plugins for Editor in 0.00 ms.
Invoked RoslynAnalysisRunner static constructor.
RoslynAnalysisRunner will not be running.
RoslynAnalysisRunner has terminated.
Mono: successfully reloaded assembly
- Completed reload, in  0.858 seconds
Platform modules already initialized, skipping
========================================================================
Worker process is ready to serve import requests
Launched and connected shader compiler UnityShaderCompiler.exe after 0.07 seconds
Refreshing native plugins compatible for Editor in 0.20 ms, found 0 plugins.
Preloading 0 native plugins for Editor in 0.00 ms.
Unloading 1153 Unused Serialized files (Serialized files now loaded: 0)
System memory in use before: 59.6 MB.
System memory in use after: 59.6 MB.

Unloading 9 unused Assets to reduce memory usage. Loaded Objects now: 1597.
Total: 2.388500 ms (FindLiveObjects: 0.293000 ms CreateObjectMapping: 0.057500 ms MarkObjects: 1.946900 ms  DeleteObjects: 0.088700 ms)

========================================================================
Received Import Request.
  path: Assets/Prefabs/PlayerModel.fbx
  artifactKey: Guid(ac7858e30b8123d40bd89afdf99cd3c1) Importer(815301076,1909f56bfc062723c751e8b465ee728b)
Start importing Assets/Prefabs/PlayerModel.fbx using Guid(ac7858e30b8123d40bd89afdf99cd3c1) Importer(815301076,1909f56bfc062723c751e8b465ee728b)  -> (artifact id: '065bb6d60a9f8d7cb6c7a43fad3dd23f') in 0.273378 seconds
  Import took 0.275997 seconds .

========================================================================
Received Import Request.
  Time since last request: 0.000286 seconds.
  path: Assets/Prefabs/TestCube.prefab
  artifactKey: Guid(a10e154cbac883440869a916425a7dc7) Importer(815301076,1909f56bfc062723c751e8b465ee728b)
Start importing Assets/Prefabs/TestCube.prefab using Guid(a10e154cbac883440869a916425a7dc7) Importer(815301076,1909f56bfc062723c751e8b465ee728b)  -> (artifact id: 'c30fb1568499d1cd39b1da36a07da3fb') in 0.019231 seconds
  Import took 0.021916 seconds .

========================================================================
Received Import Request.
  Time since last request: 0.000223 seconds.
  path: Assets/Prefabs/Wall_Mat.mat
  artifactKey: Guid(23911b76229eef5469201cb331482ced) Importer(815301076,1909f56bfc062723c751e8b465ee728b)
Start importing Assets/Prefabs/Wall_Mat.mat using Guid(23911b76229eef5469201cb331482ced) Importer(815301076,1909f56bfc062723c751e8b465ee728b)  -> (artifact id: 'a97234f591c4885ede5b55f1fe018323') in 0.021365 seconds
  Import took 0.023316 seconds .

========================================================================
Received Import Request.
  Time since last request: 0.000236 seconds.
  path: Assets/Prefabs/End_Mat.mat
  artifactKey: Guid(a2fbff66454308649a6023c6e28d72da) Importer(815301076,1909f56bfc062723c751e8b465ee728b)
Start importing Assets/Prefabs/End_Mat.mat using Guid(a2fbff66454308649a6023c6e28d72da) Importer(815301076,1909f56bfc062723c751e8b465ee728b)  -> (artifact id: 'f2f5e68f5dbb2c078a2d814dd18f46aa') in 0.020387 seconds
  Import took 0.022718 seconds .

========================================================================
Received Import Request.
  Time since last request: 0.000251 seconds.
  path: Assets/Prefabs/Captrop_Mat.mat
  artifactKey: Guid(e201415342ee46a4ba09370ee18d5c20) Importer(815301076,1909f56bfc062723c751e8b465ee728b)
Start importing Assets/Prefabs/Captrop_Mat.mat using Guid(e201415342ee46a4ba09370ee18d5c20) Importer(815301076,1909f56bfc062723c751e8b465ee728b)  -> (artifact id: '75e06411d90bdd74f3543eafa750239e') in 0.018653 seconds
  Import took 0.020634 seconds .

========================================================================
Received Import Request.
  Time since last request: 0.000209 seconds.
  path: Assets/Prefabs/Start_Mat.mat
  artifactKey: Guid(84c00576b3fb89f47817ff25922752e1) Importer(815301076,1909f56bfc062723c751e8b465ee728b)
Start importing Assets/Prefabs/Start_Mat.mat using Guid(84c00576b3fb89f47817ff25922752e1) Importer(815301076,1909f56bfc062723c751e8b465ee728b)  -> (artifact id: '91b15283f56a4a99b1ec9692f8f84a5f') in 0.018063 seconds
  Import took 0.020150 seconds .

========================================================================
Received Import Request.
  Time since last request: 0.000241 seconds.
  path: Assets/Prefabs/StartPoint.prefab
  artifactKey: Guid(97a131146b37b3640805929a8a53c7eb) Importer(815301076,1909f56bfc062723c751e8b465ee728b)
Start importing Assets/Prefabs/StartPoint.prefab using Guid(97a131146b37b3640805929a8a53c7eb) Importer(815301076,1909f56bfc062723c751e8b465ee728b)  -> (artifact id: 'ff52ab7a3bf8f5ebde4bb457acc523fa') in 0.019147 seconds
  Import took 0.021414 seconds .

========================================================================
Received Import Request.
  Time since last request: 0.000239 seconds.
  path: Assets/Prefabs/Caltrop.prefab
  artifactKey: Guid(0e7546eead2b8224494ce90f6ef04a5c) Importer(815301076,1909f56bfc062723c751e8b465ee728b)
Start importing Assets/Prefabs/Caltrop.prefab using Guid(0e7546eead2b8224494ce90f6ef04a5c) Importer(815301076,1909f56bfc062723c751e8b465ee728b)  -> (artifact id: 'b1b8ef4e0ce2e854281a83547b398dab') in 0.028327 seconds
  Import took 0.030358 seconds .

========================================================================
Received Import Request.
  Time since last request: 0.000233 seconds.
  path: Assets/Prefabs/Player.prefab
  artifactKey: Guid(a1950ee2df1a4424b99cc44ebc10714d) Importer(815301076,1909f56bfc062723c751e8b465ee728b)
Start importing Assets/Prefabs/Player.prefab using Guid(a1950ee2df1a4424b99cc44ebc10714d) Importer(815301076,1909f56bfc062723c751e8b465ee728b)  -> (artifact id: '9423e5c067ffe765af04f534b454a960') in 0.023350 seconds
  Import took 0.025738 seconds .

========================================================================
Received Import Request.
  Time since last request: 0.000242 seconds.
  path: Assets/Prefabs/Mud_Mat.mat
  artifactKey: Guid(95eb894abffd6e7499e75d39dbd79210) Importer(815301076,1909f56bfc062723c751e8b465ee728b)
Start importing Assets/Prefabs/Mud_Mat.mat using Guid(95eb894abffd6e7499e75d39dbd79210) Importer(815301076,1909f56bfc062723c751e8b465ee728b)  -> (artifact id: '4b4499e74944748fcb9f2aab5b168285') in 0.011903 seconds
  Import took 0.013772 seconds .

========================================================================
Received Import Request.
  Time since last request: 0.000204 seconds.
  path: Assets/Prefabs/New Material.mat
  artifactKey: Guid(6f552645ce0579c4d81812cc69f2c457) Importer(815301076,1909f56bfc062723c751e8b465ee728b)
Start importing Assets/Prefabs/New Material.mat using Guid(6f552645ce0579c4d81812cc69f2c457) Importer(815301076,1909f56bfc062723c751e8b465ee728b)  -> (artifact id: 'c44ba2fa874f6ad481a8796b0c3d7ca0') in 0.024487 seconds
  Import took 0.026232 seconds .

========================================================================
Received Import Request.
  Time since last request: 0.000289 seconds.
  path: Assets/Prefabs/EndPoint.prefab
  artifactKey: Guid(d9e38853a3835a34cb611f1efe60e9bb) Importer(815301076,1909f56bfc062723c751e8b465ee728b)
Start importing Assets/Prefabs/EndPoint.prefab using Guid(d9e38853a3835a34cb611f1efe60e9bb) Importer(815301076,1909f56bfc062723c751e8b465ee728b)  -> (artifact id: '67c7792716bc34bc5703113592f3d2d9') in 0.018801 seconds
  Import took 0.021068 seconds .

========================================================================
Received Import Request.
  Time since last request: 0.000196 seconds.
  path: Assets/Prefabs/Caltrop.mat
  artifactKey: Guid(ca8f06176c872ad43951e866b5634d08) Importer(815301076,1909f56bfc062723c751e8b465ee728b)
Start importing Assets/Prefabs/Caltrop.mat using Guid(ca8f06176c872ad43951e866b5634d08) Importer(815301076,1909f56bfc062723c751e8b465ee728b)  -> (artifact id: 'a7d26eaeb138169af4f5a98a1de7ef9d') in 0.012353 seconds
  Import took 0.014546 seconds .

========================================================================
Received Import Request.
  Time since last request: 0.000290 seconds.
  path: Assets/Prefabs/Mud.prefab
  artifactKey: Guid(547051e8554f0ad4cb0831e3cd8e9863) Importer(815301076,1909f56bfc062723c751e8b465ee728b)
Start importing Assets/Prefabs/Mud.prefab using Guid(547051e8554f0ad4cb0831e3cd8e9863) Importer(815301076,1909f56bfc062723c751e8b465ee728b)  -> (artifact id: 'b14f81274671cda9546991257bd2d0c2') in 0.014593 seconds
  Import took 0.016858 seconds .

========================================================================
Received Import Request.
  Time since last request: 0.000284 seconds.
  path: Assets/Prefabs
  artifactKey: Guid(c5994e9a6af079246a556a81aeff915f) Importer(815301076,1909f56bfc062723c751e8b465ee728b)
Start importing Assets/Prefabs using Guid(c5994e9a6af079246a556a81aeff915f) Importer(815301076,1909f56bfc062723c751e8b465ee728b)  -> (artifact id: 'ddff446bb5d5f417cdafb35b41c91ee0') in 0.007926 seconds
  Import took 0.009926 seconds .

========================================================================
Received Prepare
Registering precompiled user dll's ...
Registered in 0.000788 seconds.
Begin MonoManager ReloadAssembly
Native extension for WindowsStandalone target not found
Refreshing native plugins compatible for Editor in 0.23 ms, found 0 plugins.
Preloading 0 native plugins for Editor in 0.00 ms.
Invoked RoslynAnalysisRunner static constructor.
RoslynAnalysisRunner will not be running.
RoslynAnalysisRunner has terminated.
Mono: successfully reloaded assembly
- Completed reload, in  0.788 seconds
Platform modules already initialized, skipping
Refreshing native plugins compatible for Editor in 0.21 ms, found 0 plugins.
Preloading 0 native plugins for Editor in 0.00 ms.
Unloading 1134 Unused Serialized files (Serialized files now loaded: 0)
System memory in use before: 76.0 MB.
System memory in use after: 76.1 MB.

Unloading 4 unused Assets to reduce memory usage. Loaded Objects now: 1645.
Total: 1.700900 ms (FindLiveObjects: 0.178600 ms CreateObjectMapping: 0.031300 ms MarkObjects: 1.475400 ms  DeleteObjects: 0.014600 ms)

========================================================================
Received Prepare
Registering precompiled user dll's ...
Registered in 0.001655 seconds.
Begin MonoManager ReloadAssembly
Native extension for WindowsStandalone target not found
Refreshing native plugins compatible for Editor in 0.27 ms, found 0 plugins.
Preloading 0 native plugins for Editor in 0.00 ms.
Invoked RoslynAnalysisRunner static constructor.
RoslynAnalysisRunner will not be running.
RoslynAnalysisRunner has terminated.
Mono: successfully reloaded assembly
- Completed reload, in  0.874 seconds
Platform modules already initialized, skipping
Refreshing native plugins compatible for Editor in 0.21 ms, found 0 plugins.
Preloading 0 native plugins for Editor in 0.00 ms.
Unloading 1134 Unused Serialized files (Serialized files now loaded: 0)
System memory in use before: 76.0 MB.
System memory in use after: 76.1 MB.

Unloading 4 unused Assets to reduce memory usage. Loaded Objects now: 1648.
Total: 1.605200 ms (FindLiveObjects: 0.166500 ms CreateObjectMapping: 0.030800 ms MarkObjects: 1.392000 ms  DeleteObjects: 0.015000 ms)

========================================================================
Received Prepare
Registering precompiled user dll's ...
Registered in 0.000749 seconds.
Begin MonoManager ReloadAssembly
Native extension for WindowsStandalone target not found
Refreshing native plugins compatible for Editor in 0.22 ms, found 0 plugins.
Preloading 0 native plugins for Editor in 0.00 ms.
Invoked RoslynAnalysisRunner static constructor.
RoslynAnalysisRunner will not be running.
RoslynAnalysisRunner has terminated.
Mono: successfully reloaded assembly
- Completed reload, in  0.794 seconds
Platform modules already initialized, skipping
Refreshing native plugins compatible for Editor in 0.23 ms, found 0 plugins.
Preloading 0 native plugins for Editor in 0.00 ms.
Unloading 1134 Unused Serialized files (Serialized files now loaded: 0)
System memory in use before: 76.0 MB.
System memory in use after: 76.1 MB.

Unloading 4 unused Assets to reduce memory usage. Loaded Objects now: 1651.
Total: 1.787600 ms (FindLiveObjects: 0.164400 ms CreateObjectMapping: 0.035200 ms MarkObjects: 1.568200 ms  DeleteObjects: 0.018500 ms)

========================================================================
Received Import Request.
  Time since last request: 2381.779439 seconds.
  path: Assets/Scenes
  artifactKey: Guid(cbf44059705e118429ae07f2df108351) Importer(815301076,1909f56bfc062723c751e8b465ee728b)
Start importing Assets/Scenes using Guid(cbf44059705e118429ae07f2df108351) Importer(815301076,1909f56bfc062723c751e8b465ee728b)  -> (artifact id: '31b350fed2d6227ac99080f2b1ccef21') in 0.009428 seconds
  Import took 0.011629 seconds .

========================================================================
Received Import Request.
  Time since last request: 1.326627 seconds.
  path: Assets/Scenes/Menu.unity
  artifactKey: Guid(7e64672f209269b419f5ff368dc46b99) Importer(815301076,1909f56bfc062723c751e8b465ee728b)
Start importing Assets/Scenes/Menu.unity using Guid(7e64672f209269b419f5ff368dc46b99) Importer(815301076,1909f56bfc062723c751e8b465ee728b)  -> (artifact id: '5db86f176a1d7dd822b9dc3b047eb225') in 0.014731 seconds
  Import took 0.016707 seconds .

========================================================================
Received Import Request.
  Time since last request: 4.689070 seconds.
  path: Assets/Scenes/YoloTamere.txt
  artifactKey: Guid(ec9027b53dcf605458ebd30e81071d1f) Importer(815301076,1909f56bfc062723c751e8b465ee728b)
Start importing Assets/Scenes/YoloTamere.txt using Guid(ec9027b53dcf605458ebd30e81071d1f) Importer(815301076,1909f56bfc062723c751e8b465ee728b)  -> (artifact id: '0bd4a1164183262b61ab22c7e7be76e6') in 0.012603 seconds
  Import took 0.014604 seconds .

AssetImportWorkerClient::OnTransportError - code=2 error=End of file
